<?xml version="1.0" encoding="UTF-8"?>
<testng-results skipped="0" failed="2" ignored="0" total="3" passed="1">
  <reporter-output>
    <line>
      <![CDATA[The chrome browser is open now]]>
    </line>
    <line>
      <![CDATA[The browser is maximize]]>
    </line>
    <line>
      <![CDATA[Loginpage Enter the Email-- ]]>
    </line>
    <line>
      <![CDATA[Loginpage Enter the Password --Welcome@1]]>
    </line>
    <line>
      <![CDATA[Loginpage click the loginbutton navigate to the dashboradpage]]>
    </line>
    <line>
      <![CDATA[click the uploadid button]]>
    </line>
    <line>
      <![CDATA[candidate resume uploaded]]>
    </line>
    <line>
      <![CDATA[select the years]]>
    </line>
    <line>
      <![CDATA[select the months]]>
    </line>
  </reporter-output>
  <suite name="Default suite" duration-ms="172761" started-at="2022-10-18T06:06:44Z" finished-at="2022-10-18T06:09:37Z">
    <groups>
    </groups>
    <test name="Default test" duration-ms="172761" started-at="2022-10-18T06:06:44Z" finished-at="2022-10-18T06:09:37Z">
      <class name="com.TrueTech.ScreenIT.NewFlow.testCases.SelectedRegressionFlow2">
        <test-method status="PASS" signature="setUp()[pri:0, instance:com.TrueTech.ScreenIT.NewFlow.testCases.SelectedRegressionFlow2@271053e1]" name="setUp" is-config="true" duration-ms="3537" started-at="2022-10-18T11:36:40Z" finished-at="2022-10-18T11:36:44Z">
          <reporter-output>
            <line>
              <![CDATA[The chrome browser is open now]]>
            </line>
            <line>
              <![CDATA[The browser is maximize]]>
            </line>
          </reporter-output>
        </test-method> <!-- setUp -->
        <test-method status="PASS" signature="loginPages()[pri:1, instance:com.TrueTech.ScreenIT.NewFlow.testCases.SelectedRegressionFlow2@271053e1]" name="loginPages" duration-ms="69100" started-at="2022-10-18T11:36:44Z" description="Valid login details" finished-at="2022-10-18T11:37:53Z">
          <reporter-output>
            <line>
              <![CDATA[Loginpage Enter the Email-- ]]>
            </line>
            <line>
              <![CDATA[Loginpage Enter the Password --Welcome@1]]>
            </line>
            <line>
              <![CDATA[Loginpage click the loginbutton navigate to the dashboradpage]]>
            </line>
          </reporter-output>
        </test-method> <!-- loginPages -->
        <test-method status="PASS" signature="teardown(org.testng.ITestResult)[pri:0, instance:com.TrueTech.ScreenIT.NewFlow.testCases.SelectedRegressionFlow2@271053e1]" name="teardown" is-config="true" duration-ms="1742" started-at="2022-10-18T11:37:53Z" finished-at="2022-10-18T11:37:55Z">
          <params>
            <param index="0">
              <value>
                <![CDATA[[TestResult name=loginPages status=SUCCESS method=SelectedRegressionFlow2.loginPages()[pri:1, instance:com.TrueTech.ScreenIT.NewFlow.testCases.SelectedRegressionFlow2@271053e1] output=Loginpage Enter the Email-- ]]]>
              </value>
            </param>
          </params>
          <reporter-output>
          </reporter-output>
        </test-method> <!-- teardown -->
        <test-method status="FAIL" signature="dashboardPages()[pri:2, instance:com.TrueTech.ScreenIT.NewFlow.testCases.SelectedRegressionFlow2@271053e1]" name="dashboardPages" duration-ms="66711" started-at="2022-10-18T11:37:55Z" description="Create post details" finished-at="2022-10-18T11:39:02Z">
          <exception class="org.openqa.selenium.StaleElementReferenceException">
            <message>
              <![CDATA[stale element reference: element is not attached to the page document  (Session info: chrome=106.0.5249.119)For documentation on this error, please visit: https://www.seleniumhq.org/exceptions/stale_element_reference.htmlBuild info: version: '3.141.59', revision: 'e82be7d358', time: '2018-11-14T08:17:03'System info: host: 'TTS-SCRIT-5', ip: '10.10.3.129', os.name: 'Windows 10', os.arch: 'amd64', os.version: '10.0', java.version: '1.8.0_321'Driver info: org.openqa.selenium.chrome.ChromeDriverCapabilities {acceptInsecureCerts: false, browserName: chrome, browserVersion: 106.0.5249.119, chrome: {chromedriverVersion: 106.0.5249.61 (511755355844..., userDataDir: C:\Users\TTS-USER\AppData\L...}, goog:chromeOptions: {debuggerAddress: localhost:57582}, javascriptEnabled: true, networkConnectionEnabled: false, pageLoadStrategy: normal, platform: WINDOWS, platformName: WINDOWS, proxy: Proxy(), setWindowRect: true, strictFileInteractability: false, timeouts: {implicit: 0, pageLoad: 300000, script: 30000}, unhandledPromptBehavior: dismiss and notify, webauthn:extension:credBlob: true, webauthn:extension:largeBlob: true, webauthn:virtualAuthenticators: true}Session ID: b997aeafcd98199a035f16a3b81ac104]]>
            </message>
            <full-stacktrace>
              <![CDATA[org.openqa.selenium.StaleElementReferenceException: stale element reference: element is not attached to the page document  (Session info: chrome=106.0.5249.119)For documentation on this error, please visit: https://www.seleniumhq.org/exceptions/stale_element_reference.htmlBuild info: version: '3.141.59', revision: 'e82be7d358', time: '2018-11-14T08:17:03'System info: host: 'TTS-SCRIT-5', ip: '10.10.3.129', os.name: 'Windows 10', os.arch: 'amd64', os.version: '10.0', java.version: '1.8.0_321'Driver info: org.openqa.selenium.chrome.ChromeDriverCapabilities {acceptInsecureCerts: false, browserName: chrome, browserVersion: 106.0.5249.119, chrome: {chromedriverVersion: 106.0.5249.61 (511755355844..., userDataDir: C:\Users\TTS-USER\AppData\L...}, goog:chromeOptions: {debuggerAddress: localhost:57582}, javascriptEnabled: true, networkConnectionEnabled: false, pageLoadStrategy: normal, platform: WINDOWS, platformName: WINDOWS, proxy: Proxy(), setWindowRect: true, strictFileInteractability: false, timeouts: {implicit: 0, pageLoad: 300000, script: 30000}, unhandledPromptBehavior: dismiss and notify, webauthn:extension:credBlob: true, webauthn:extension:largeBlob: true, webauthn:virtualAuthenticators: true}Session ID: b997aeafcd98199a035f16a3b81ac104at sun.reflect.NativeConstructorAccessorImpl.newInstance0(Native Method)at sun.reflect.NativeConstructorAccessorImpl.newInstance(Unknown Source)at sun.reflect.DelegatingConstructorAccessorImpl.newInstance(Unknown Source)at java.lang.reflect.Constructor.newInstance(Unknown Source)at org.openqa.selenium.remote.http.W3CHttpResponseCodec.createException(W3CHttpResponseCodec.java:187)at org.openqa.selenium.remote.http.W3CHttpResponseCodec.decode(W3CHttpResponseCodec.java:122)at org.openqa.selenium.remote.http.W3CHttpResponseCodec.decode(W3CHttpResponseCodec.java:49)at org.openqa.selenium.remote.HttpCommandExecutor.execute(HttpCommandExecutor.java:158)at org.openqa.selenium.remote.service.DriverCommandExecutor.execute(DriverCommandExecutor.java:83)at org.openqa.selenium.remote.RemoteWebDriver.execute(RemoteWebDriver.java:552)at org.openqa.selenium.remote.RemoteWebElement.execute(RemoteWebElement.java:285)at org.openqa.selenium.remote.RemoteWebElement.getText(RemoteWebElement.java:166)at com.TrueTech.ScreenIT.NewFlow.Pages.DashBoardPage.choosePrimarySkill(DashBoardPage.java:110)at com.TrueTech.ScreenIT.NewFlow.testCases.SelectedRegressionFlow2.dashboardPages(SelectedRegressionFlow2.java:60)at sun.reflect.NativeMethodAccessorImpl.invoke0(Native Method)at sun.reflect.NativeMethodAccessorImpl.invoke(Unknown Source)at sun.reflect.DelegatingMethodAccessorImpl.invoke(Unknown Source)at java.lang.reflect.Method.invoke(Unknown Source)at org.testng.internal.MethodInvocationHelper.invokeMethod(MethodInvocationHelper.java:124)at org.testng.internal.Invoker.invokeMethod(Invoker.java:571)at org.testng.internal.Invoker.invokeTestMethod(Invoker.java:707)at org.testng.internal.Invoker.invokeTestMethods(Invoker.java:979)at org.testng.internal.TestMethodWorker.invokeTestMethods(TestMethodWorker.java:125)at org.testng.internal.TestMethodWorker.run(TestMethodWorker.java:109)at org.testng.TestRunner.privateRun(TestRunner.java:648)at org.testng.TestRunner.run(TestRunner.java:505)at org.testng.SuiteRunner.runTest(SuiteRunner.java:455)at org.testng.SuiteRunner.runSequentially(SuiteRunner.java:450)at org.testng.SuiteRunner.privateRun(SuiteRunner.java:415)at org.testng.SuiteRunner.run(SuiteRunner.java:364)at org.testng.SuiteRunnerWorker.runSuite(SuiteRunnerWorker.java:52)at org.testng.SuiteRunnerWorker.run(SuiteRunnerWorker.java:84)at org.testng.TestNG.runSuitesSequentially(TestNG.java:1187)at org.testng.TestNG.runSuitesLocally(TestNG.java:1116)at org.testng.TestNG.runSuites(TestNG.java:1028)at org.testng.TestNG.run(TestNG.java:996)at org.testng.remote.AbstractRemoteTestNG.run(AbstractRemoteTestNG.java:114)at org.testng.remote.RemoteTestNG.initAndRun(RemoteTestNG.java:251)at org.testng.remote.RemoteTestNG.main(RemoteTestNG.java:77)]]>
            </full-stacktrace>
          </exception> <!-- org.openqa.selenium.StaleElementReferenceException -->
          <reporter-output>
            <line>
              <![CDATA[click the uploadid button]]>
            </line>
            <line>
              <![CDATA[candidate resume uploaded]]>
            </line>
            <line>
              <![CDATA[select the years]]>
            </line>
            <line>
              <![CDATA[select the months]]>
            </line>
          </reporter-output>
        </test-method> <!-- dashboardPages -->
        <test-method status="PASS" signature="teardown(org.testng.ITestResult)[pri:0, instance:com.TrueTech.ScreenIT.NewFlow.testCases.SelectedRegressionFlow2@271053e1]" name="teardown" is-config="true" duration-ms="985" started-at="2022-10-18T11:39:02Z" finished-at="2022-10-18T11:39:03Z">
          <params>
            <param index="0">
              <value>
                <![CDATA[[TestResult name=dashboardPages status=FAILURE method=SelectedRegressionFlow2.dashboardPages()[pri:2, instance:com.TrueTech.ScreenIT.NewFlow.testCases.SelectedRegressionFlow2@271053e1] output=click the uploadid button]]]>
              </value>
            </param>
          </params>
          <reporter-output>
          </reporter-output>
        </test-method> <!-- teardown -->
        <test-method status="FAIL" signature="candidatePages()[pri:3, instance:com.TrueTech.ScreenIT.NewFlow.testCases.SelectedRegressionFlow2@271053e1]" name="candidatePages" duration-ms="33144" started-at="2022-10-18T11:39:03Z" description="Selected candidate details" finished-at="2022-10-18T11:39:36Z">
          <exception class="java.lang.NullPointerException">
            <full-stacktrace>
              <![CDATA[java.lang.NullPointerExceptionat com.TrueTech.ScreenIT.NewFlow.Pages.CandidateProfilePage.selectInterviewer(CandidateProfilePage.java:30)at com.TrueTech.ScreenIT.NewFlow.testCases.SelectedRegressionFlow2.candidatePages(SelectedRegressionFlow2.java:78)at sun.reflect.NativeMethodAccessorImpl.invoke0(Native Method)at sun.reflect.NativeMethodAccessorImpl.invoke(Unknown Source)at sun.reflect.DelegatingMethodAccessorImpl.invoke(Unknown Source)at java.lang.reflect.Method.invoke(Unknown Source)at org.testng.internal.MethodInvocationHelper.invokeMethod(MethodInvocationHelper.java:124)at org.testng.internal.Invoker.invokeMethod(Invoker.java:571)at org.testng.internal.Invoker.invokeTestMethod(Invoker.java:707)at org.testng.internal.Invoker.invokeTestMethods(Invoker.java:979)at org.testng.internal.TestMethodWorker.invokeTestMethods(TestMethodWorker.java:125)at org.testng.internal.TestMethodWorker.run(TestMethodWorker.java:109)at org.testng.TestRunner.privateRun(TestRunner.java:648)at org.testng.TestRunner.run(TestRunner.java:505)at org.testng.SuiteRunner.runTest(SuiteRunner.java:455)at org.testng.SuiteRunner.runSequentially(SuiteRunner.java:450)at org.testng.SuiteRunner.privateRun(SuiteRunner.java:415)at org.testng.SuiteRunner.run(SuiteRunner.java:364)at org.testng.SuiteRunnerWorker.runSuite(SuiteRunnerWorker.java:52)at org.testng.SuiteRunnerWorker.run(SuiteRunnerWorker.java:84)at org.testng.TestNG.runSuitesSequentially(TestNG.java:1187)at org.testng.TestNG.runSuitesLocally(TestNG.java:1116)at org.testng.TestNG.runSuites(TestNG.java:1028)at org.testng.TestNG.run(TestNG.java:996)at org.testng.remote.AbstractRemoteTestNG.run(AbstractRemoteTestNG.java:114)at org.testng.remote.RemoteTestNG.initAndRun(RemoteTestNG.java:251)at org.testng.remote.RemoteTestNG.main(RemoteTestNG.java:77)]]>
            </full-stacktrace>
          </exception> <!-- java.lang.NullPointerException -->
          <reporter-output>
          </reporter-output>
        </test-method> <!-- candidatePages -->
        <test-method status="PASS" signature="teardown(org.testng.ITestResult)[pri:0, instance:com.TrueTech.ScreenIT.NewFlow.testCases.SelectedRegressionFlow2@271053e1]" name="teardown" is-config="true" duration-ms="997" started-at="2022-10-18T11:39:36Z" finished-at="2022-10-18T11:39:37Z">
          <params>
            <param index="0">
              <value>
                <![CDATA[[TestResult name=candidatePages status=FAILURE method=SelectedRegressionFlow2.candidatePages()[pri:3, instance:com.TrueTech.ScreenIT.NewFlow.testCases.SelectedRegressionFlow2@271053e1] output={null}]]]>
              </value>
            </param>
          </params>
          <reporter-output>
          </reporter-output>
        </test-method> <!-- teardown -->
      </class> <!-- com.TrueTech.ScreenIT.NewFlow.testCases.SelectedRegressionFlow2 -->
    </test> <!-- Default test -->
  </suite> <!-- Default suite -->
</testng-results>
