<?xml version="1.0" encoding="UTF-8"?>
<!-- Generated by org.testng.reporters.JUnitReportReporter -->
<testsuite skipped="0" hostname="TTS-SCRIT-5" name="com.TrueTech.ScreenIT.NewFlow.testCases.RejectedRegressionFlow" tests="3" failures="0" timestamp="26 Sep 2022 12:53:46 GMT" time="514.277" errors="0">
  <testcase name="loginPages" time="54.274" classname="com.TrueTech.ScreenIT.NewFlow.testCases.RejectedRegressionFlow"/>
  <testcase name="dashboardPages" time="123.744" classname="com.TrueTech.ScreenIT.NewFlow.testCases.RejectedRegressionFlow"/>
  <testcase name="candidatePages" time="336.259" classname="com.TrueTech.ScreenIT.NewFlow.testCases.RejectedRegressionFlow"/>
</testsuite> <!-- com.TrueTech.ScreenIT.NewFlow.testCases.RejectedRegressionFlow -->
