<?xml version="1.0" encoding="UTF-8"?>
<!-- Generated by org.testng.reporters.JUnitReportReporter -->
<testsuite skipped="0" hostname="TTS-SCRIT-5" name="com.TrueTech.ScreenIT.NewFlow.testCases.RescheduleRegressionFlow" tests="1" failures="0" timestamp="12 Oct 2022 09:29:02 GMT" time="420.901" errors="0">
  <testcase name="screenitDeclineTest" time="420.901" classname="com.TrueTech.ScreenIT.NewFlow.testCases.RescheduleRegressionFlow"/>
</testsuite> <!-- com.TrueTech.ScreenIT.NewFlow.testCases.RescheduleRegressionFlow -->
