<?xml version="1.0" encoding="UTF-8"?>
<!-- Generated by org.testng.reporters.JUnitReportReporter -->
<testsuite skipped="0" hostname="TTS-SCRIT-5" name="com.TrueTech.ScreenIT.NewFlow.testCases.RescheduleRegressionFlow" tests="1" failures="0" timestamp="27 Sep 2022 05:18:01 GMT" time="325.944" errors="0">
  <testcase name="screenitDeclineTest" time="325.944" classname="com.TrueTech.ScreenIT.NewFlow.testCases.RescheduleRegressionFlow"/>
</testsuite> <!-- com.TrueTech.ScreenIT.NewFlow.testCases.RescheduleRegressionFlow -->
