<?xml version="1.0" encoding="UTF-8"?>
<!-- Generated by org.testng.reporters.JUnitReportReporter -->
<testsuite skipped="0" hostname="TTS-SCRIT-5" name="com.TrueTech.ScreenIT.NewFlow.testCases.SelectedRegressionFlow" tests="1" failures="0" timestamp="13 Oct 2022 07:17:23 GMT" time="0.949" errors="1">
  <testcase name="loginpage" time="0.949" classname="com.TrueTech.ScreenIT.NewFlow.testCases.SelectedRegressionFlow">
    <error type="org.testng.internal.reflect.MethodMatcherException" message="
Data provider mismatch
Method: loginpage([Parameter{index=0, type=java.lang.String, declaredAnnotations=[]}, Parameter{index=1, type=java.lang.String, declaredAnnotations=[]}, Parameter{index=2, type=java.lang.String, declaredAnnotations=[]}, Parameter{index=3, type=java.lang.String, declaredAnnotations=[]}, Parameter{index=4, type=java.lang.String, declaredAnnotations=[]}])
Arguments: [(java.lang.String) venkatesan.lavanya@gmail.com,(java.lang.String) Welcome@1,(java.lang.String) C:\\Users\\TTS-USER\\workspace\\com.TrueTech.ScreenIT.NewFlow\\sample\\samplejd\\Java Developer.docx,(java.lang.String) 5 years,(java.lang.String) 2 months,(java.lang.String) ,(java.lang.String) JIRA,(java.lang.String) i am good in framework construction,(java.lang.String) good in frameworks,(java.lang.String) 1.0]">
      <![CDATA[org.testng.internal.reflect.MethodMatcherException: Data provider mismatchMethod: loginpage([Parameter{index=0, type=java.lang.String, declaredAnnotations=[]}, Parameter{index=1, type=java.lang.String, declaredAnnotations=[]}, Parameter{index=2, type=java.lang.String, declaredAnnotations=[]}, Parameter{index=3, type=java.lang.String, declaredAnnotations=[]}, Parameter{index=4, type=java.lang.String, declaredAnnotations=[]}])Arguments: [(java.lang.String) venkatesan.lavanya@gmail.com,(java.lang.String) Welcome@1,(java.lang.String) C:\\Users\\TTS-USER\\workspace\\com.TrueTech.ScreenIT.NewFlow\\sample\\samplejd\\Java Developer.docx,(java.lang.String) 5 years,(java.lang.String) 2 months,(java.lang.String) ,(java.lang.String) JIRA,(java.lang.String) i am good in framework construction,(java.lang.String) good in frameworks,(java.lang.String) 1.0]at org.testng.internal.reflect.DataProviderMethodMatcher.getConformingArguments(DataProviderMethodMatcher.java:45)at org.testng.internal.Parameters.injectParameters(Parameters.java:796)at org.testng.internal.Invoker.invokeTestMethods(Invoker.java:973)at org.testng.internal.TestMethodWorker.invokeTestMethods(TestMethodWorker.java:125)at org.testng.internal.TestMethodWorker.run(TestMethodWorker.java:109)at org.testng.TestRunner.privateRun(TestRunner.java:648)at org.testng.TestRunner.run(TestRunner.java:505)at org.testng.SuiteRunner.runTest(SuiteRunner.java:455)at org.testng.SuiteRunner.runSequentially(SuiteRunner.java:450)at org.testng.SuiteRunner.privateRun(SuiteRunner.java:415)at org.testng.SuiteRunner.run(SuiteRunner.java:364)at org.testng.SuiteRunnerWorker.runSuite(SuiteRunnerWorker.java:52)at org.testng.SuiteRunnerWorker.run(SuiteRunnerWorker.java:84)at org.testng.TestNG.runSuitesSequentially(TestNG.java:1187)at org.testng.TestNG.runSuitesLocally(TestNG.java:1116)at org.testng.TestNG.runSuites(TestNG.java:1028)at org.testng.TestNG.run(TestNG.java:996)at org.testng.remote.AbstractRemoteTestNG.run(AbstractRemoteTestNG.java:114)at org.testng.remote.RemoteTestNG.initAndRun(RemoteTestNG.java:251)at org.testng.remote.RemoteTestNG.main(RemoteTestNG.java:77)]]>
    </error>
  </testcase> <!-- loginpage -->
</testsuite> <!-- com.TrueTech.ScreenIT.NewFlow.testCases.SelectedRegressionFlow -->
