<?xml version="1.0" encoding="UTF-8"?>
<!-- Generated by org.testng.reporters.JUnitReportReporter -->
<testsuite skipped="0" hostname="TTS-SCRIT-5" name="com.TrueTech.ScreenIT.NewFlow.testCases.ProxyandNoshowRegressionFlow" tests="3" failures="0" timestamp="23 Sep 2022 12:37:24 GMT" time="462.333" errors="0">
  <testcase name="loginPages" time="37.142" classname="com.TrueTech.ScreenIT.NewFlow.testCases.ProxyandNoshowRegressionFlow"/>
  <testcase name="dashboardPages" time="103.901" classname="com.TrueTech.ScreenIT.NewFlow.testCases.ProxyandNoshowRegressionFlow"/>
  <testcase name="candidatePages" time="321.290" classname="com.TrueTech.ScreenIT.NewFlow.testCases.ProxyandNoshowRegressionFlow"/>
</testsuite> <!-- com.TrueTech.ScreenIT.NewFlow.testCases.ProxyandNoshowRegressionFlow -->
