<?xml version="1.0" encoding="UTF-8"?>
<!-- Generated by org.testng.reporters.JUnitReportReporter -->
<testsuite skipped="0" hostname="TTS-SCRIT-5" name="com.TrueTech.ScreenIT.NewFlow.testCases.IncompleteRegressionFlow" tests="3" failures="0" timestamp="12 Oct 2022 07:29:37 GMT" time="631.638" errors="0">
  <testcase name="loginPages" time="79.237" classname="com.TrueTech.ScreenIT.NewFlow.testCases.IncompleteRegressionFlow"/>
  <testcase name="dashboardPages" time="207.368" classname="com.TrueTech.ScreenIT.NewFlow.testCases.IncompleteRegressionFlow"/>
  <testcase name="candidatePages" time="345.033" classname="com.TrueTech.ScreenIT.NewFlow.testCases.IncompleteRegressionFlow"/>
</testsuite> <!-- com.TrueTech.ScreenIT.NewFlow.testCases.IncompleteRegressionFlow -->
