<?xml version="1.0" encoding="UTF-8"?>
<!-- Generated by org.testng.reporters.JUnitReportReporter -->
<testsuite skipped="0" hostname="TTS-SCRIT-5" name="com.TrueTech.ScreenIT.NewFlow.testCases.DeclineSetavailabilityRegressionFlow" tests="1" failures="0" timestamp="26 Sep 2022 05:51:45 GMT" time="566.035" errors="0">
  <testcase name="screenitDeclineTest" time="566.035" classname="com.TrueTech.ScreenIT.NewFlow.testCases.DeclineSetavailabilityRegressionFlow"/>
</testsuite> <!-- com.TrueTech.ScreenIT.NewFlow.testCases.DeclineSetavailabilityRegressionFlow -->
