<?xml version="1.0" encoding="UTF-8"?>
<!-- Generated by org.testng.reporters.JUnitReportReporter -->
<testsuite skipped="0" hostname="TTS-SCRIT-5" name="com.TrueTech.ScreenIT.NewFlow.testCases.SelectedRegressionFlow1" tests="4" failures="0" timestamp="14 Oct 2022 10:57:01 GMT" time="566.964" errors="0">
  <testcase name="loginPages" time="23.983" classname="com.TrueTech.ScreenIT.NewFlow.testCases.SelectedRegressionFlow1"/>
  <testcase name="dashboardPages" time="165.975" classname="com.TrueTech.ScreenIT.NewFlow.testCases.SelectedRegressionFlow1"/>
  <testcase name="candidatePages" time="334.567" classname="com.TrueTech.ScreenIT.NewFlow.testCases.SelectedRegressionFlow1"/>
  <testcase name="cardsDetails" time="42.439" classname="com.TrueTech.ScreenIT.NewFlow.testCases.SelectedRegressionFlow1"/>
</testsuite> <!-- com.TrueTech.ScreenIT.NewFlow.testCases.SelectedRegressionFlow1 -->
