<?xml version="1.0" encoding="UTF-8"?>
<!-- Generated by org.testng.reporters.JUnitReportReporter -->
<testsuite skipped="0" hostname="TTS-SCRIT-5" name="com.TrueTech.ScreenIT.NewFlow.testCases.DeclineSetavailabilityRegressionFlow" tests="1" failures="0" timestamp="12 Oct 2022 07:09:44 GMT" time="888.662" errors="0">
  <testcase name="screenitDeclineTest" time="888.662" classname="com.TrueTech.ScreenIT.NewFlow.testCases.DeclineSetavailabilityRegressionFlow"/>
</testsuite> <!-- com.TrueTech.ScreenIT.NewFlow.testCases.DeclineSetavailabilityRegressionFlow -->
