<?xml version="1.0" encoding="UTF-8"?>
<!-- Generated by org.testng.reporters.JUnitReportReporter -->
<testsuite skipped="0" hostname="TTS-SCRIT-5" name="com.TrueTech.ScreenIT.NewFlow.testCases.SelectedRegressionFlow1" tests="4" failures="0" timestamp="28 Sep 2022 06:49:57 GMT" time="683.041" errors="0">
  <testcase name="loginPages" time="60.324" classname="com.TrueTech.ScreenIT.NewFlow.testCases.SelectedRegressionFlow1"/>
  <testcase name="dashboardPages" time="121.159" classname="com.TrueTech.ScreenIT.NewFlow.testCases.SelectedRegressionFlow1"/>
  <testcase name="candidatePages" time="455.383" classname="com.TrueTech.ScreenIT.NewFlow.testCases.SelectedRegressionFlow1"/>
  <testcase name="cardsDetails" time="46.175" classname="com.TrueTech.ScreenIT.NewFlow.testCases.SelectedRegressionFlow1"/>
</testsuite> <!-- com.TrueTech.ScreenIT.NewFlow.testCases.SelectedRegressionFlow1 -->
