<?xml version="1.0" encoding="UTF-8"?>
<!-- Generated by org.testng.reporters.JUnitReportReporter -->
<testsuite skipped="0" hostname="TTS-SCRIT-5" name="com.TrueTech.ScreenIT.NewFlow.testCases.IncompleteRegressionFlow" tests="3" failures="0" timestamp="26 Sep 2022 13:03:49 GMT" time="496.904" errors="0">
  <testcase name="loginPages" time="35.769" classname="com.TrueTech.ScreenIT.NewFlow.testCases.IncompleteRegressionFlow"/>
  <testcase name="dashboardPages" time="122.894" classname="com.TrueTech.ScreenIT.NewFlow.testCases.IncompleteRegressionFlow"/>
  <testcase name="candidatePages" time="338.241" classname="com.TrueTech.ScreenIT.NewFlow.testCases.IncompleteRegressionFlow"/>
</testsuite> <!-- com.TrueTech.ScreenIT.NewFlow.testCases.IncompleteRegressionFlow -->
