<?xml version="1.0" encoding="UTF-8"?>
<!-- Generated by org.testng.reporters.JUnitReportReporter -->
<testsuite skipped="0" hostname="TTS-SCRIT-5" name="com.TrueTech.ScreenIT.NewFlow.testCases.ProxyandNoshowRegressionFlow" tests="3" failures="0" timestamp="12 Oct 2022 07:42:08 GMT" time="562.538" errors="0">
  <testcase name="loginPages" time="31.371" classname="com.TrueTech.ScreenIT.NewFlow.testCases.ProxyandNoshowRegressionFlow"/>
  <testcase name="dashboardPages" time="199.003" classname="com.TrueTech.ScreenIT.NewFlow.testCases.ProxyandNoshowRegressionFlow"/>
  <testcase name="candidatePages" time="332.164" classname="com.TrueTech.ScreenIT.NewFlow.testCases.ProxyandNoshowRegressionFlow"/>
</testsuite> <!-- com.TrueTech.ScreenIT.NewFlow.testCases.ProxyandNoshowRegressionFlow -->
